### ISSUE TITLE
[Coventech flight and expansion Core] causes the game to freeze/hang indefinitely

### ISSUE THREAD

**Issue by SharpIceX** [SharpIceX/report_info#1]
## gdb debugger info

``` bash
================================================================================
GDB State & Registers
================================================================================
(gdb) thread 1
[Switching to thread 1 (Thread 0x7f8fa4bbac40 (LWP 713619))]
#0  0x00000000411893d9 in ?? ()

(gdb) info registers
rax            0x7f8ea5a2f1c0      140250641002944
rbx            0x7f8ea7838d40      140250672500032
rcx            0x0                 0
rdx            0x0                 0
rsi            0x0                 0
rdi            0x7f8fa01f3640      140254843450944
rbp            0x7ffcd1b2fde0      0x7ffcd1b2fde0
rsp            0x7ffcd1b2f9f0      0x7ffcd1b2f9f0
r8             0x15f20             89888
r9             0x7f8f6a5b0c20      14025941402656
r10            0x39f13380          972108672
r11            0x39ef0b38          971967288
r12            0x583b8             361400
r13            0x7f8b87ab8000      140237253345280
r14            0x7f8e43af35d0      140248997639632
r15            0x7ffcd1b2fa08      140723826653704
rip            0x411893d9          0x411893d9

================================================================================
Assembly & RSP Memory
================================================================================
(gdb) x/10i $pc-0x10
   0x411893c9:  add    $0x48,%al
   0x411893cb:  mov    %eax,%edi
   0x411893cd:  mov    (%rax),%rax
   0x411893d0:  mov    $0x39f13380,%r10d
   0x411893d6:  call   *-0x58(%rax)
=> 0x411893d9:  mov    (%rsp),%r15
   0x411893dd:  add    $0x8,%rsp
   0x411893e1:  ret    
   0x411893e2:  add    %al,(%rax)
   0x411893e4:  add    %al,(%rax)

(gdb) x/64gx $rsp
0x7ffcd1b2f9f0: 0x0000000000000181      0x000000004119f2e4
0x7ffcd1b2fa00: 0x0000000000000005      0x000000000004c620
0x7ffcd1b2fa10: 0x000000000004c620      0x0000000042889df0
0x7ffcd1b2fa20: 0x00007f8e43af35d0      0x0000000000000181
0x7ffcd1b2fa30: 0x0000000000000000      0x000000000004c620
0x7ffcd1b2fa40: 0x00007f8ea7838d40      0x0000000042889c54
0x7ffcd1b2fa50: 0x00007f8ea7838d40      0x00000000000583b8
0x7ffcd1b2fa60: 0x00007f8b87ab8000      0x00007f8e6c3f3280
0x7ffcd1b2fa70: 0x00007f8ce9795c90      0x000000000002c58d
0x7ffcd1b2fa80: 0x00007f8b87ab8000      0x00007f8ea7838d00
0x7ffcd1b2fa90: 0x00007f8ce9795c90      0x000000004118ad68
0x7ffcd1b2faa0: 0x00000000000583b8      0x000000000004c620
0x7ffcd1b2fab0: 0x00007f8e30ececf0      0x00000000412c025e

================================================================================
Managed C# Stack Backtrace
================================================================================
(gdb) call (char*)mono_pmip(0x411893d9)
$2 = 0x7f8cf32e7f80 " RimWorld.Planet.PlanetTile:get_Layer () [{0x2d7b3e80} + 0x49]  (0x41189390 0x411893e2) [0x7f8fa01e5d80 - Unity Root Domain]"

(gdb) call (char*)mono_pmip(0x4119f2e4)
$3 = 0x7f8cf3acebe0 " RimWorld.Planet.WorldGrid:get_Item (RimWorld.Planet.PlanetTile) [{0x2d8295c8} + 0x14]  (0x4119f2d0 0x4119f305) [0x7f8fa01e5d80 - Unity Root Domain]"

(gdb) call (char*)mono_pmip(0x42889df0)
$4 = 0x7f8cf1690f00 " taranchuk_ocean.QuestNode_GetWaterTile/<>c:<TryFindNewSiteTile>b__10_2 (RimWorld.Planet.PlanetTile) [{0x38c11598} + 0x60]  (0x42889d90 0x42889e3f) [0x7f8fa01e5d80 - Unity Root Domain]"

(gdb) call (char*)mono_pmip(0x4118ad68)
$5 = 0x7f8cf5398a90 " System.Collections.Generic.Queue`1<System.ValueTuple`2<RimWorld.Planet.PlanetTile, RimWorld.Planet.PlanetTile>>:Dequeue () [{0x39f79200} + 0xd8] (0x4118ac90 0x4118add0) [0x7f8fa01e5d80 - Unity Root Domain]"

(gdb) call (char*)mono_pmip(0x412c025e)
$6 = 0x7f8cf5398b60 " Verse.WorldFloodFiller/<>c__DisplayClass10_0:<FloodFill>b__0 (RimWorld.Planet.PlanetTile,RimWorld.Planet.PlanetTile,int) [{0x3ad675c8} + 0x2e] (0x412c0230 0x412c026c) [0x7f8fa01e5d80 - Unity Root Domain]"
```

## Cause Analysis (By Gemini Flash 3.6)

- **Issue Type:** Infinite Loop / Freeze (100% Single Core CPU Usage, Main Thread Unresponsive)
- **Mod Responsible:** `Coventech flight and expansion Core` (PackageID: `ShunTheWitch.CVNmechanoidwarfarecore`)
- **Source File:** `./294100/3047564391/1.6/VehicleFramework/Source/taranchuk_ocean/QuestNode_GetWaterTile.cs`
- **Root Cause:** `taranchuk_ocean.QuestNode_GetWaterTile:TryFindNewSiteTile` invokes `Verse.WorldFloodFiller:FloodFill` to locate valid water tiles on the world map. Due to a missing max-search constraint or unbound iteration limit, it enters an infinite loop scanning tiles when criteria are not met.

## Related Files

[Player.log](https://github.com/user-attachments/files/32347458/Player.log)

[ModsConfig.xml](https://github.com/user-attachments/files/32347466/ModsConfig.xml)
